# JRE version: OpenJDK Runtime Environment (8.0_242-b01) (build 1.8.0_242-release-1644-b01)
# Java VM: OpenJDK 64-Bit Server VM (25.242-b01 mixed mode windows-amd64 compressed oops)
Heap:
 PSYoungGen      total 120832K, used 37540K [0x00000000d5580000, 0x00000000e1e80000, 0x0000000100000000)
  eden space 109056K, 34% used [0x00000000d5580000,0x00000000d7a29108,0x00000000dc000000)
  from space 11776K, 0% used [0x00000000dc000000,0x00000000dc000000,0x00000000dcb80000)
  to   space 11776K, 0% used [0x00000000e1300000,0x00000000e1300000,0x00000000e1e80000)
 ParOldGen       total 140800K, used 15551K [0x0000000080000000, 0x0000000088980000, 0x00000000d5580000)
  object space 140800K, 11% used [0x0000000080000000,0x0000000080f2fe78,0x0000000088980000)
 Metaspace       used 35975K, capacity 37234K, committed 37288K, reserved 1081344K
  class space    used 4960K, capacity 5260K, committed 5296K, reserved 1048576K
GC Heap History (10 events):
Event: 3.576 GC heap before
{Heap before GC invocations=5 (full 1):
 PSYoungGen      total 75776K, used 7594K [0x00000000d5580000, 0x00000000de980000, 0x0000000100000000)
  eden space 65024K, 0% used [0x00000000d5580000,0x00000000d5580000,0x00000000d9500000)
  from space 10752K, 70% used [0x00000000d9f80000,0x00000000da6eaa90,0x00000000daa00000)
  to   space 10752K, 0% used [0x00000000d9500000,0x00000000d9500000,0x00000000d9f80000)
 ParOldGen       total 173568K, used 1077K [0x0000000080000000, 0x000000008a980000, 0x00000000d5580000)
  object space 173568K, 0% used [0x0000000080000000,0x000000008010d748,0x000000008a980000)
 Metaspace       used 20646K, capacity 21252K, committed 21296K, reserved 1067008K
  class space    used 2895K, capacity 3116K, committed 3120K, reserved 1048576K
Event: 3.604 GC heap after
Heap after GC invocations=5 (full 1):
 PSYoungGen      total 75776K, used 0K [0x00000000d5580000, 0x00000000de980000, 0x0000000100000000)
  eden space 65024K, 0% used [0x00000000d5580000,0x00000000d5580000,0x00000000d9500000)
  from space 10752K, 0% used [0x00000000d9f80000,0x00000000d9f80000,0x00000000daa00000)
  to   space 10752K, 0% used [0x00000000d9500000,0x00000000d9500000,0x00000000d9f80000)
 ParOldGen       total 92672K, used 7357K [0x0000000080000000, 0x0000000085a80000, 0x00000000d5580000)
  object space 92672K, 7% used [0x0000000080000000,0x000000008072f428,0x0000000085a80000)
 Metaspace       used 20646K, capacity 21252K, committed 21296K, reserved 1067008K
  class space    used 2895K, capacity 3116K, committed 3120K, reserved 1048576K
}
Event: 4.435 GC heap before
{Heap before GC invocations=6 (full 1):
 PSYoungGen      total 75776K, used 64392K [0x00000000d5580000, 0x00000000de980000, 0x0000000100000000)
  eden space 65024K, 99% used [0x00000000d5580000,0x00000000d9462170,0x00000000d9500000)
  from space 10752K, 0% used [0x00000000d9f80000,0x00000000d9f80000,0x00000000daa00000)
  to   space 10752K, 0% used [0x00000000d9500000,0x00000000d9500000,0x00000000d9f80000)
 ParOldGen       total 92672K, used 7357K [0x0000000080000000, 0x0000000085a80000, 0x00000000d5580000)
  object space 92672K, 7% used [0x0000000080000000,0x000000008072f428,0x0000000085a80000)
 Metaspace       used 28207K, capacity 28908K, committed 29232K, reserved 1075200K
  class space    used 3895K, capacity 4127K, committed 4144K, reserved 1048576K
Event: 4.439 GC heap after
Heap after GC invocations=6 (full 1):
 PSYoungGen      total 75776K, used 8702K [0x00000000d5580000, 0x00000000dd800000, 0x0000000100000000)
  eden space 65024K, 0% used [0x00000000d5580000,0x00000000d5580000,0x00000000d9500000)
  from space 10752K, 80% used [0x00000000d9500000,0x00000000d9d7fac8,0x00000000d9f80000)
  to   space 12288K, 0% used [0x00000000dcc00000,0x00000000dcc00000,0x00000000dd800000)
 ParOldGen       total 92672K, used 7365K [0x0000000080000000, 0x0000000085a80000, 0x00000000d5580000)
  object space 92672K, 7% used [0x0000000080000000,0x0000000080731428,0x0000000085a80000)
 Metaspace       used 28207K, capacity 28908K, committed 29232K, reserved 1075200K
  class space    used 3895K, capacity 4127K, committed 4144K, reserved 1048576K
}
Event: 5.139 GC heap before
{Heap before GC invocations=7 (full 1):
 PSYoungGen      total 75776K, used 73726K [0x00000000d5580000, 0x00000000dd800000, 0x0000000100000000)
  eden space 65024K, 100% used [0x00000000d5580000,0x00000000d9500000,0x00000000d9500000)
  from space 10752K, 80% used [0x00000000d9500000,0x00000000d9d7fac8,0x00000000d9f80000)
  to   space 12288K, 0% used [0x00000000dcc00000,0x00000000dcc00000,0x00000000dd800000)
 ParOldGen       total 92672K, used 7365K [0x0000000080000000, 0x0000000085a80000, 0x00000000d5580000)
  object space 92672K, 7% used [0x0000000080000000,0x0000000080731428,0x0000000085a80000)
 Metaspace       used 32330K, capacity 33112K, committed 33456K, reserved 1077248K
  class space    used 4422K, capacity 4673K, committed 4784K, reserved 1048576K
Event: 5.150 GC heap after
Heap after GC invocations=7 (full 1):
 PSYoungGen      total 120320K, used 8650K [0x00000000d5580000, 0x00000000dd700000, 0x0000000100000000)
  eden space 109056K, 0% used [0x00000000d5580000,0x00000000d5580000,0x00000000dc000000)
  from space 11264K, 76% used [0x00000000dcc00000,0x00000000dd472988,0x00000000dd700000)
  to   space 11776K, 0% used [0x00000000dc000000,0x00000000dc000000,0x00000000dcb80000)
 ParOldGen       total 92672K, used 7373K [0x0000000080000000, 0x0000000085a80000, 0x00000000d5580000)
  object space 92672K, 7% used [0x0000000080000000,0x0000000080733428,0x0000000085a80000)
 Metaspace       used 32330K, capacity 33112K, committed 33456K, reserved 1077248K
  class space    used 4422K, capacity 4673K, committed 4784K, reserved 1048576K
}
Event: 5.646 GC heap before
{Heap before GC invocations=8 (full 1):
 PSYoungGen      total 120320K, used 56672K [0x00000000d5580000, 0x00000000dd700000, 0x0000000100000000)
  eden space 109056K, 44% used [0x00000000d5580000,0x00000000d8465938,0x00000000dc000000)
  from space 11264K, 76% used [0x00000000dcc00000,0x00000000dd472988,0x00000000dd700000)
  to   space 11776K, 0% used [0x00000000dc000000,0x00000000dc000000,0x00000000dcb80000)
 ParOldGen       total 92672K, used 7373K [0x0000000080000000, 0x0000000085a80000, 0x00000000d5580000)
  object space 92672K, 7% used [0x0000000080000000,0x0000000080733428,0x0000000085a80000)
 Metaspace       used 34582K, capacity 35402K, committed 35496K, reserved 1079296K
  class space    used 4745K, capacity 4972K, committed 5040K, reserved 1048576K
Event: 5.653 GC heap after
Heap after GC invocations=8 (full 1):
 PSYoungGen      total 120832K, used 9007K [0x00000000d5580000, 0x00000000e1e80000, 0x0000000100000000)
  eden space 109056K, 0% used [0x00000000d5580000,0x00000000d5580000,0x00000000dc000000)
  from space 11776K, 76% used [0x00000000dc000000,0x00000000dc8cbda0,0x00000000dcb80000)
  to   space 11776K, 0% used [0x00000000e1300000,0x00000000e1300000,0x00000000e1e80000)
 ParOldGen       total 92672K, used 7381K [0x0000000080000000, 0x0000000085a80000, 0x00000000d5580000)
  object space 92672K, 7% used [0x0000000080000000,0x0000000080735428,0x0000000085a80000)
 Metaspace       used 34582K, capacity 35402K, committed 35496K, reserved 1079296K
  class space    used 4745K, capacity 4972K, committed 5040K, reserved 1048576K
}
Event: 5.653 GC heap before
{Heap before GC invocations=9 (full 2):
 PSYoungGen      total 120832K, used 9007K [0x00000000d5580000, 0x00000000e1e80000, 0x0000000100000000)
  eden space 109056K, 0% used [0x00000000d5580000,0x00000000d5580000,0x00000000dc000000)
  from space 11776K, 76% used [0x00000000dc000000,0x00000000dc8cbda0,0x00000000dcb80000)
  to   space 11776K, 0% used [0x00000000e1300000,0x00000000e1300000,0x00000000e1e80000)
 ParOldGen       total 92672K, used 7381K [0x0000000080000000, 0x0000000085a80000, 0x00000000d5580000)
  object space 92672K, 7% used [0x0000000080000000,0x0000000080735428,0x0000000085a80000)
 Metaspace       used 34582K, capacity 35402K, committed 35496K, reserved 1079296K
  class space    used 4745K, capacity 4972K, committed 5040K, reserved 1048576K
Event: 5.697 GC heap after
Heap after GC invocations=9 (full 2):
 PSYoungGen      total 120832K, used 0K [0x00000000d5580000, 0x00000000e1e80000, 0x0000000100000000)
  eden space 109056K, 0% used [0x00000000d5580000,0x00000000d5580000,0x00000000dc000000)
  from space 11776K, 0% used [0x00000000dc000000,0x00000000dc000000,0x00000000dcb80000)
  to   space 11776K, 0% used [0x00000000e1300000,0x00000000e1300000,0x00000000e1e80000)
 ParOldGen       total 140800K, used 15551K [0x0000000080000000, 0x0000000088980000, 0x00000000d5580000)
  object space 140800K, 11% used [0x0000000080000000,0x0000000080f2fe78,0x0000000088980000)
 Metaspace       used 34582K, capacity 35402K, committed 35496K, reserved 1079296K
  class space    used 4745K, capacity 4972K, committed 5040K, reserved 1048576K
}

