# JRE version: OpenJDK Runtime Environment (8.0_242-b01) (build 1.8.0_242-release-1644-b01)
# Java VM: OpenJDK 64-Bit Server VM (25.242-b01 mixed mode windows-amd64 compressed oops)
Heap:
 PSYoungGen      total 170496K, used 154837K [0x00000000d5580000, 0x00000000e1700000, 0x0000000100000000)
  eden space 158720K, 90% used [0x00000000d5580000,0x00000000de13bbd0,0x00000000df080000)
  from space 11776K, 99% used [0x00000000e0b80000,0x00000000e16f9ab8,0x00000000e1700000)
  to   space 13312K, 0% used [0x00000000dfd00000,0x00000000dfd00000,0x00000000e0a00000)
 ParOldGen       total 93696K, used 16802K [0x0000000080000000, 0x0000000085b80000, 0x00000000d5580000)
  object space 93696K, 17% used [0x0000000080000000,0x0000000081068b40,0x0000000085b80000)
 Metaspace       used 55875K, capacity 57884K, committed 58032K, reserved 1099776K
  class space    used 7631K, capacity 8099K, committed 8112K, reserved 1048576K
GC Heap History (10 events):
Event: 3.890 GC heap before
{Heap before GC invocations=6 (full 1):
 PSYoungGen      total 75776K, used 64413K [0x00000000d5580000, 0x00000000de980000, 0x0000000100000000)
  eden space 65024K, 99% used [0x00000000d5580000,0x00000000d94674d0,0x00000000d9500000)
  from space 10752K, 0% used [0x00000000d9f80000,0x00000000d9f80000,0x00000000daa00000)
  to   space 10752K, 0% used [0x00000000d9500000,0x00000000d9500000,0x00000000d9f80000)
 ParOldGen       total 93696K, used 7292K [0x0000000080000000, 0x0000000085b80000, 0x00000000d5580000)
  object space 93696K, 7% used [0x0000000080000000,0x000000008071f160,0x0000000085b80000)
 Metaspace       used 28227K, capacity 28908K, committed 29232K, reserved 1075200K
  class space    used 3895K, capacity 4127K, committed 4144K, reserved 1048576K
Event: 3.894 GC heap after
Heap after GC invocations=6 (full 1):
 PSYoungGen      total 75776K, used 8636K [0x00000000d5580000, 0x00000000dd680000, 0x0000000100000000)
  eden space 65024K, 0% used [0x00000000d5580000,0x00000000d5580000,0x00000000d9500000)
  from space 10752K, 80% used [0x00000000d9500000,0x00000000d9d6f3e0,0x00000000d9f80000)
  to   space 12288K, 0% used [0x00000000dca80000,0x00000000dca80000,0x00000000dd680000)
 ParOldGen       total 93696K, used 7300K [0x0000000080000000, 0x0000000085b80000, 0x00000000d5580000)
  object space 93696K, 7% used [0x0000000080000000,0x0000000080721160,0x0000000085b80000)
 Metaspace       used 28227K, capacity 28908K, committed 29232K, reserved 1075200K
  class space    used 3895K, capacity 4127K, committed 4144K, reserved 1048576K
}
Event: 4.531 GC heap before
{Heap before GC invocations=7 (full 1):
 PSYoungGen      total 75776K, used 73660K [0x00000000d5580000, 0x00000000dd680000, 0x0000000100000000)
  eden space 65024K, 100% used [0x00000000d5580000,0x00000000d9500000,0x00000000d9500000)
  from space 10752K, 80% used [0x00000000d9500000,0x00000000d9d6f3e0,0x00000000d9f80000)
  to   space 12288K, 0% used [0x00000000dca80000,0x00000000dca80000,0x00000000dd680000)
 ParOldGen       total 93696K, used 7300K [0x0000000080000000, 0x0000000085b80000, 0x00000000d5580000)
  object space 93696K, 7% used [0x0000000080000000,0x0000000080721160,0x0000000085b80000)
 Metaspace       used 32282K, capacity 33112K, committed 33456K, reserved 1077248K
  class space    used 4411K, capacity 4673K, committed 4784K, reserved 1048576K
Event: 4.542 GC heap after
Heap after GC invocations=7 (full 1):
 PSYoungGen      total 117760K, used 8629K [0x00000000d5580000, 0x00000000dd500000, 0x0000000100000000)
  eden space 107008K, 0% used [0x00000000d5580000,0x00000000d5580000,0x00000000dbe00000)
  from space 10752K, 80% used [0x00000000dca80000,0x00000000dd2ed6e0,0x00000000dd500000)
  to   space 11776K, 0% used [0x00000000dbe00000,0x00000000dbe00000,0x00000000dc980000)
 ParOldGen       total 93696K, used 7308K [0x0000000080000000, 0x0000000085b80000, 0x00000000d5580000)
  object space 93696K, 7% used [0x0000000080000000,0x0000000080723160,0x0000000085b80000)
 Metaspace       used 32282K, capacity 33112K, committed 33456K, reserved 1077248K
  class space    used 4411K, capacity 4673K, committed 4784K, reserved 1048576K
}
Event: 4.968 GC heap before
{Heap before GC invocations=8 (full 1):
 PSYoungGen      total 117760K, used 57180K [0x00000000d5580000, 0x00000000dd500000, 0x0000000100000000)
  eden space 107008K, 45% used [0x00000000d5580000,0x00000000d84e9ce8,0x00000000dbe00000)
  from space 10752K, 80% used [0x00000000dca80000,0x00000000dd2ed6e0,0x00000000dd500000)
  to   space 11776K, 0% used [0x00000000dbe00000,0x00000000dbe00000,0x00000000dc980000)
 ParOldGen       total 93696K, used 7308K [0x0000000080000000, 0x0000000085b80000, 0x00000000d5580000)
  object space 93696K, 7% used [0x0000000080000000,0x0000000080723160,0x0000000085b80000)
 Metaspace       used 34591K, capacity 35402K, committed 35496K, reserved 1079296K
  class space    used 4745K, capacity 4972K, committed 5040K, reserved 1048576K
Event: 4.976 GC heap after
Heap after GC invocations=8 (full 1):
 PSYoungGen      total 118784K, used 9127K [0x00000000d5580000, 0x00000000e1700000, 0x0000000100000000)
  eden space 107008K, 0% used [0x00000000d5580000,0x00000000d5580000,0x00000000dbe00000)
  from space 11776K, 77% used [0x00000000dbe00000,0x00000000dc6e9c68,0x00000000dc980000)
  to   space 11776K, 0% used [0x00000000e0b80000,0x00000000e0b80000,0x00000000e1700000)
 ParOldGen       total 93696K, used 7316K [0x0000000080000000, 0x0000000085b80000, 0x00000000d5580000)
  object space 93696K, 7% used [0x0000000080000000,0x0000000080725160,0x0000000085b80000)
 Metaspace       used 34591K, capacity 35402K, committed 35496K, reserved 1079296K
  class space    used 4745K, capacity 4972K, committed 5040K, reserved 1048576K
}
Event: 4.976 GC heap before
{Heap before GC invocations=9 (full 2):
 PSYoungGen      total 118784K, used 9127K [0x00000000d5580000, 0x00000000e1700000, 0x0000000100000000)
  eden space 107008K, 0% used [0x00000000d5580000,0x00000000d5580000,0x00000000dbe00000)
  from space 11776K, 77% used [0x00000000dbe00000,0x00000000dc6e9c68,0x00000000dc980000)
  to   space 11776K, 0% used [0x00000000e0b80000,0x00000000e0b80000,0x00000000e1700000)
 ParOldGen       total 93696K, used 7316K [0x0000000080000000, 0x0000000085b80000, 0x00000000d5580000)
  object space 93696K, 7% used [0x0000000080000000,0x0000000080725160,0x0000000085b80000)
 Metaspace       used 34591K, capacity 35402K, committed 35496K, reserved 1079296K
  class space    used 4745K, capacity 4972K, committed 5040K, reserved 1048576K
Event: 5.018 GC heap after
Heap after GC invocations=9 (full 2):
 PSYoungGen      total 118784K, used 0K [0x00000000d5580000, 0x00000000e1700000, 0x0000000100000000)
  eden space 107008K, 0% used [0x00000000d5580000,0x00000000d5580000,0x00000000dbe00000)
  from space 11776K, 0% used [0x00000000dbe00000,0x00000000dbe00000,0x00000000dc980000)
  to   space 11776K, 0% used [0x00000000e0b80000,0x00000000e0b80000,0x00000000e1700000)
 ParOldGen       total 93696K, used 15643K [0x0000000080000000, 0x0000000085b80000, 0x00000000d5580000)
  object space 93696K, 16% used [0x0000000080000000,0x0000000080f46df8,0x0000000085b80000)
 Metaspace       used 34591K, capacity 35402K, committed 35496K, reserved 1079296K
  class space    used 4745K, capacity 4972K, committed 5040K, reserved 1048576K
}
Event: 6.744 GC heap before
{Heap before GC invocations=10 (full 2):
 PSYoungGen      total 118784K, used 107008K [0x00000000d5580000, 0x00000000e1700000, 0x0000000100000000)
  eden space 107008K, 100% used [0x00000000d5580000,0x00000000dbe00000,0x00000000dbe00000)
  from space 11776K, 0% used [0x00000000dbe00000,0x00000000dbe00000,0x00000000dc980000)
  to   space 11776K, 0% used [0x00000000e0b80000,0x00000000e0b80000,0x00000000e1700000)
 ParOldGen       total 93696K, used 15643K [0x0000000080000000, 0x0000000085b80000, 0x00000000d5580000)
  object space 93696K, 16% used [0x0000000080000000,0x0000000080f46df8,0x0000000085b80000)
 Metaspace       used 44465K, capacity 46002K, committed 46128K, reserved 1089536K
  class space    used 6027K, capacity 6409K, committed 6448K, reserved 1048576K
Event: 6.755 GC heap after
Heap after GC invocations=10 (full 2):
 PSYoungGen      total 170496K, used 11750K [0x00000000d5580000, 0x00000000e1700000, 0x0000000100000000)
  eden space 158720K, 0% used [0x00000000d5580000,0x00000000d5580000,0x00000000df080000)
  from space 11776K, 99% used [0x00000000e0b80000,0x00000000e16f9ab8,0x00000000e1700000)
  to   space 13312K, 0% used [0x00000000dfd00000,0x00000000dfd00000,0x00000000e0a00000)
 ParOldGen       total 93696K, used 16802K [0x0000000080000000, 0x0000000085b80000, 0x00000000d5580000)
  object space 93696K, 17% used [0x0000000080000000,0x0000000081068b40,0x0000000085b80000)
 Metaspace       used 44465K, capacity 46002K, committed 46128K, reserved 1089536K
  class space    used 6027K, capacity 6409K, committed 6448K, reserved 1048576K
}

