# JRE version: OpenJDK Runtime Environment (8.0_242-b01) (build 1.8.0_242-release-1644-b01)
# Java VM: OpenJDK 64-Bit Server VM (25.242-b01 mixed mode windows-amd64 compressed oops)
Heap:
 PSYoungGen      total 120832K, used 50069K [0x00000000d5580000, 0x00000000e1f00000, 0x0000000100000000)
  eden space 109056K, 45% used [0x00000000d5580000,0x00000000d8665510,0x00000000dc000000)
  from space 11776K, 0% used [0x00000000dc000000,0x00000000dc000000,0x00000000dcb80000)
  to   space 11776K, 0% used [0x00000000e1380000,0x00000000e1380000,0x00000000e1f00000)
 ParOldGen       total 91648K, used 15498K [0x0000000080000000, 0x0000000085980000, 0x00000000d5580000)
  object space 91648K, 16% used [0x0000000080000000,0x0000000080f22800,0x0000000085980000)
 Metaspace       used 36829K, capacity 38202K, committed 38440K, reserved 1083392K
  class space    used 5099K, capacity 5424K, committed 5424K, reserved 1048576K
GC Heap History (10 events):
Event: 3.115 GC heap before
{Heap before GC invocations=5 (full 1):
 PSYoungGen      total 75776K, used 7491K [0x00000000d5580000, 0x00000000de980000, 0x0000000100000000)
  eden space 65024K, 0% used [0x00000000d5580000,0x00000000d5580000,0x00000000d9500000)
  from space 10752K, 69% used [0x00000000d9f80000,0x00000000da6d0e98,0x00000000daa00000)
  to   space 10752K, 0% used [0x00000000d9500000,0x00000000d9500000,0x00000000d9f80000)
 ParOldGen       total 173568K, used 1175K [0x0000000080000000, 0x000000008a980000, 0x00000000d5580000)
  object space 173568K, 0% used [0x0000000080000000,0x0000000080125f68,0x000000008a980000)
 Metaspace       used 20643K, capacity 21256K, committed 21296K, reserved 1067008K
  class space    used 2895K, capacity 3116K, committed 3120K, reserved 1048576K
Event: 3.144 GC heap after
Heap after GC invocations=5 (full 1):
 PSYoungGen      total 75776K, used 0K [0x00000000d5580000, 0x00000000de980000, 0x0000000100000000)
  eden space 65024K, 0% used [0x00000000d5580000,0x00000000d5580000,0x00000000d9500000)
  from space 10752K, 0% used [0x00000000d9f80000,0x00000000d9f80000,0x00000000daa00000)
  to   space 10752K, 0% used [0x00000000d9500000,0x00000000d9500000,0x00000000d9f80000)
 ParOldGen       total 91648K, used 7286K [0x0000000080000000, 0x0000000085980000, 0x00000000d5580000)
  object space 91648K, 7% used [0x0000000080000000,0x000000008071dad8,0x0000000085980000)
 Metaspace       used 20643K, capacity 21256K, committed 21296K, reserved 1067008K
  class space    used 2895K, capacity 3116K, committed 3120K, reserved 1048576K
}
Event: 3.800 GC heap before
{Heap before GC invocations=6 (full 1):
 PSYoungGen      total 75776K, used 64803K [0x00000000d5580000, 0x00000000de980000, 0x0000000100000000)
  eden space 65024K, 99% used [0x00000000d5580000,0x00000000d94c8db8,0x00000000d9500000)
  from space 10752K, 0% used [0x00000000d9f80000,0x00000000d9f80000,0x00000000daa00000)
  to   space 10752K, 0% used [0x00000000d9500000,0x00000000d9500000,0x00000000d9f80000)
 ParOldGen       total 91648K, used 7286K [0x0000000080000000, 0x0000000085980000, 0x00000000d5580000)
  object space 91648K, 7% used [0x0000000080000000,0x000000008071dad8,0x0000000085980000)
 Metaspace       used 28221K, capacity 28912K, committed 29232K, reserved 1075200K
  class space    used 3895K, capacity 4127K, committed 4144K, reserved 1048576K
Event: 3.805 GC heap after
Heap after GC invocations=6 (full 1):
 PSYoungGen      total 75776K, used 8635K [0x00000000d5580000, 0x00000000dd900000, 0x0000000100000000)
  eden space 65024K, 0% used [0x00000000d5580000,0x00000000d5580000,0x00000000d9500000)
  from space 10752K, 80% used [0x00000000d9500000,0x00000000d9d6ee80,0x00000000d9f80000)
  to   space 12288K, 0% used [0x00000000dcd00000,0x00000000dcd00000,0x00000000dd900000)
 ParOldGen       total 91648K, used 7294K [0x0000000080000000, 0x0000000085980000, 0x00000000d5580000)
  object space 91648K, 7% used [0x0000000080000000,0x000000008071fad8,0x0000000085980000)
 Metaspace       used 28221K, capacity 28912K, committed 29232K, reserved 1075200K
  class space    used 3895K, capacity 4127K, committed 4144K, reserved 1048576K
}
Event: 4.381 GC heap before
{Heap before GC invocations=7 (full 1):
 PSYoungGen      total 75776K, used 73659K [0x00000000d5580000, 0x00000000dd900000, 0x0000000100000000)
  eden space 65024K, 100% used [0x00000000d5580000,0x00000000d9500000,0x00000000d9500000)
  from space 10752K, 80% used [0x00000000d9500000,0x00000000d9d6ee80,0x00000000d9f80000)
  to   space 12288K, 0% used [0x00000000dcd00000,0x00000000dcd00000,0x00000000dd900000)
 ParOldGen       total 91648K, used 7294K [0x0000000080000000, 0x0000000085980000, 0x00000000d5580000)
  object space 91648K, 7% used [0x0000000080000000,0x000000008071fad8,0x0000000085980000)
 Metaspace       used 32290K, capacity 33120K, committed 33456K, reserved 1077248K
  class space    used 4414K, capacity 4673K, committed 4784K, reserved 1048576K
Event: 4.390 GC heap after
Heap after GC invocations=7 (full 1):
 PSYoungGen      total 119296K, used 8651K [0x00000000d5580000, 0x00000000dd700000, 0x0000000100000000)
  eden space 109056K, 0% used [0x00000000d5580000,0x00000000d5580000,0x00000000dc000000)
  from space 10240K, 84% used [0x00000000dcd00000,0x00000000dd572f08,0x00000000dd700000)
  to   space 11776K, 0% used [0x00000000dc000000,0x00000000dc000000,0x00000000dcb80000)
 ParOldGen       total 91648K, used 7302K [0x0000000080000000, 0x0000000085980000, 0x00000000d5580000)
  object space 91648K, 7% used [0x0000000080000000,0x0000000080721ad8,0x0000000085980000)
 Metaspace       used 32290K, capacity 33120K, committed 33456K, reserved 1077248K
  class space    used 4414K, capacity 4673K, committed 4784K, reserved 1048576K
}
Event: 4.884 GC heap before
{Heap before GC invocations=8 (full 1):
 PSYoungGen      total 119296K, used 57986K [0x00000000d5580000, 0x00000000dd700000, 0x0000000100000000)
  eden space 109056K, 45% used [0x00000000d5580000,0x00000000d85adbb0,0x00000000dc000000)
  from space 10240K, 84% used [0x00000000dcd00000,0x00000000dd572f08,0x00000000dd700000)
  to   space 11776K, 0% used [0x00000000dc000000,0x00000000dc000000,0x00000000dcb80000)
 ParOldGen       total 91648K, used 7302K [0x0000000080000000, 0x0000000085980000, 0x00000000d5580000)
  object space 91648K, 7% used [0x0000000080000000,0x0000000080721ad8,0x0000000085980000)
 Metaspace       used 34584K, capacity 35414K, committed 35496K, reserved 1079296K
  class space    used 4745K, capacity 4972K, committed 5040K, reserved 1048576K
Event: 4.894 GC heap after
Heap after GC invocations=8 (full 1):
 PSYoungGen      total 120832K, used 8984K [0x00000000d5580000, 0x00000000e1f00000, 0x0000000100000000)
  eden space 109056K, 0% used [0x00000000d5580000,0x00000000d5580000,0x00000000dc000000)
  from space 11776K, 76% used [0x00000000dc000000,0x00000000dc8c6240,0x00000000dcb80000)
  to   space 11776K, 0% used [0x00000000e1380000,0x00000000e1380000,0x00000000e1f00000)
 ParOldGen       total 91648K, used 7310K [0x0000000080000000, 0x0000000085980000, 0x00000000d5580000)
  object space 91648K, 7% used [0x0000000080000000,0x0000000080723ad8,0x0000000085980000)
 Metaspace       used 34584K, capacity 35414K, committed 35496K, reserved 1079296K
  class space    used 4745K, capacity 4972K, committed 5040K, reserved 1048576K
}
Event: 4.894 GC heap before
{Heap before GC invocations=9 (full 2):
 PSYoungGen      total 120832K, used 8984K [0x00000000d5580000, 0x00000000e1f00000, 0x0000000100000000)
  eden space 109056K, 0% used [0x00000000d5580000,0x00000000d5580000,0x00000000dc000000)
  from space 11776K, 76% used [0x00000000dc000000,0x00000000dc8c6240,0x00000000dcb80000)
  to   space 11776K, 0% used [0x00000000e1380000,0x00000000e1380000,0x00000000e1f00000)
 ParOldGen       total 91648K, used 7310K [0x0000000080000000, 0x0000000085980000, 0x00000000d5580000)
  object space 91648K, 7% used [0x0000000080000000,0x0000000080723ad8,0x0000000085980000)
 Metaspace       used 34584K, capacity 35414K, committed 35496K, reserved 1079296K
  class space    used 4745K, capacity 4972K, committed 5040K, reserved 1048576K
Event: 4.947 GC heap after
Heap after GC invocations=9 (full 2):
 PSYoungGen      total 120832K, used 0K [0x00000000d5580000, 0x00000000e1f00000, 0x0000000100000000)
  eden space 109056K, 0% used [0x00000000d5580000,0x00000000d5580000,0x00000000dc000000)
  from space 11776K, 0% used [0x00000000dc000000,0x00000000dc000000,0x00000000dcb80000)
  to   space 11776K, 0% used [0x00000000e1380000,0x00000000e1380000,0x00000000e1f00000)
 ParOldGen       total 91648K, used 15498K [0x0000000080000000, 0x0000000085980000, 0x00000000d5580000)
  object space 91648K, 16% used [0x0000000080000000,0x0000000080f22800,0x0000000085980000)
 Metaspace       used 34584K, capacity 35414K, committed 35496K, reserved 1079296K
  class space    used 4745K, capacity 4972K, committed 5040K, reserved 1048576K
}

