# JRE version: OpenJDK Runtime Environment (8.0_242-b01) (build 1.8.0_242-release-1644-b01)
# Java VM: OpenJDK 64-Bit Server VM (25.242-b01 mixed mode windows-amd64 compressed oops)
Heap:
 PSYoungGen      total 160768K, used 100942K [0x00000000d5580000, 0x00000000e0e80000, 0x0000000100000000)
  eden space 148992K, 59% used [0x00000000d5580000,0x00000000dac942e0,0x00000000de700000)
  from space 11776K, 99% used [0x00000000e0300000,0x00000000e0e7f608,0x00000000e0e80000)
  to   space 12800K, 0% used [0x00000000df580000,0x00000000df580000,0x00000000e0200000)
 ParOldGen       total 97280K, used 16256K [0x0000000080000000, 0x0000000085f00000, 0x00000000d5580000)
  object space 97280K, 16% used [0x0000000080000000,0x0000000080fe0338,0x0000000085f00000)
 Metaspace       used 50763K, capacity 52534K, committed 52776K, reserved 1095680K
  class space    used 6801K, capacity 7210K, committed 7216K, reserved 1048576K
GC Heap History (10 events):
Event: 3.879 GC heap before
{Heap before GC invocations=6 (full 1):
 PSYoungGen      total 75776K, used 65024K [0x00000000d5580000, 0x00000000de980000, 0x0000000100000000)
  eden space 65024K, 100% used [0x00000000d5580000,0x00000000d9500000,0x00000000d9500000)
  from space 10752K, 0% used [0x00000000d9f80000,0x00000000d9f80000,0x00000000daa00000)
  to   space 10752K, 0% used [0x00000000d9500000,0x00000000d9500000,0x00000000d9f80000)
 ParOldGen       total 97280K, used 7204K [0x0000000080000000, 0x0000000085f00000, 0x00000000d5580000)
  object space 97280K, 7% used [0x0000000080000000,0x0000000080709218,0x0000000085f00000)
 Metaspace       used 28241K, capacity 28972K, committed 29232K, reserved 1075200K
  class space    used 3895K, capacity 4127K, committed 4144K, reserved 1048576K
Event: 3.884 GC heap after
Heap after GC invocations=6 (full 1):
 PSYoungGen      total 75776K, used 8432K [0x00000000d5580000, 0x00000000dd300000, 0x0000000100000000)
  eden space 65024K, 0% used [0x00000000d5580000,0x00000000d5580000,0x00000000d9500000)
  from space 10752K, 78% used [0x00000000d9500000,0x00000000d9d3c0a8,0x00000000d9f80000)
  to   space 12288K, 0% used [0x00000000dc700000,0x00000000dc700000,0x00000000dd300000)
 ParOldGen       total 97280K, used 7212K [0x0000000080000000, 0x0000000085f00000, 0x00000000d5580000)
  object space 97280K, 7% used [0x0000000080000000,0x000000008070b218,0x0000000085f00000)
 Metaspace       used 28241K, capacity 28972K, committed 29232K, reserved 1075200K
  class space    used 3895K, capacity 4127K, committed 4144K, reserved 1048576K
}
Event: 4.488 GC heap before
{Heap before GC invocations=7 (full 1):
 PSYoungGen      total 75776K, used 73456K [0x00000000d5580000, 0x00000000dd300000, 0x0000000100000000)
  eden space 65024K, 100% used [0x00000000d5580000,0x00000000d9500000,0x00000000d9500000)
  from space 10752K, 78% used [0x00000000d9500000,0x00000000d9d3c0a8,0x00000000d9f80000)
  to   space 12288K, 0% used [0x00000000dc700000,0x00000000dc700000,0x00000000dd300000)
 ParOldGen       total 97280K, used 7212K [0x0000000080000000, 0x0000000085f00000, 0x00000000d5580000)
  object space 97280K, 7% used [0x0000000080000000,0x000000008070b218,0x0000000085f00000)
 Metaspace       used 32307K, capacity 33112K, committed 33456K, reserved 1077248K
  class space    used 4413K, capacity 4673K, committed 4784K, reserved 1048576K
Event: 4.500 GC heap after
Heap after GC invocations=7 (full 1):
 PSYoungGen      total 115200K, used 8631K [0x00000000d5580000, 0x00000000dd200000, 0x0000000100000000)
  eden space 103936K, 0% used [0x00000000d5580000,0x00000000d5580000,0x00000000dbb00000)
  from space 11264K, 76% used [0x00000000dc700000,0x00000000dcf6dd98,0x00000000dd200000)
  to   space 11776K, 0% used [0x00000000dbb00000,0x00000000dbb00000,0x00000000dc680000)
 ParOldGen       total 97280K, used 7220K [0x0000000080000000, 0x0000000085f00000, 0x00000000d5580000)
  object space 97280K, 7% used [0x0000000080000000,0x000000008070d218,0x0000000085f00000)
 Metaspace       used 32307K, capacity 33112K, committed 33456K, reserved 1077248K
  class space    used 4413K, capacity 4673K, committed 4784K, reserved 1048576K
}
Event: 5.022 GC heap before
{Heap before GC invocations=8 (full 1):
 PSYoungGen      total 115200K, used 57755K [0x00000000d5580000, 0x00000000dd200000, 0x0000000100000000)
  eden space 103936K, 47% used [0x00000000d5580000,0x00000000d8579110,0x00000000dbb00000)
  from space 11264K, 76% used [0x00000000dc700000,0x00000000dcf6dd98,0x00000000dd200000)
  to   space 11776K, 0% used [0x00000000dbb00000,0x00000000dbb00000,0x00000000dc680000)
 ParOldGen       total 97280K, used 7220K [0x0000000080000000, 0x0000000085f00000, 0x00000000d5580000)
  object space 97280K, 7% used [0x0000000080000000,0x000000008070d218,0x0000000085f00000)
 Metaspace       used 34600K, capacity 35402K, committed 35496K, reserved 1079296K
  class space    used 4745K, capacity 4972K, committed 5040K, reserved 1048576K
Event: 5.033 GC heap after
Heap after GC invocations=8 (full 1):
 PSYoungGen      total 115712K, used 9019K [0x00000000d5580000, 0x00000000e0e80000, 0x0000000100000000)
  eden space 103936K, 0% used [0x00000000d5580000,0x00000000d5580000,0x00000000dbb00000)
  from space 11776K, 76% used [0x00000000dbb00000,0x00000000dc3cef70,0x00000000dc680000)
  to   space 11776K, 0% used [0x00000000e0300000,0x00000000e0300000,0x00000000e0e80000)
 ParOldGen       total 97280K, used 7228K [0x0000000080000000, 0x0000000085f00000, 0x00000000d5580000)
  object space 97280K, 7% used [0x0000000080000000,0x000000008070f218,0x0000000085f00000)
 Metaspace       used 34600K, capacity 35402K, committed 35496K, reserved 1079296K
  class space    used 4745K, capacity 4972K, committed 5040K, reserved 1048576K
}
Event: 5.033 GC heap before
{Heap before GC invocations=9 (full 2):
 PSYoungGen      total 115712K, used 9019K [0x00000000d5580000, 0x00000000e0e80000, 0x0000000100000000)
  eden space 103936K, 0% used [0x00000000d5580000,0x00000000d5580000,0x00000000dbb00000)
  from space 11776K, 76% used [0x00000000dbb00000,0x00000000dc3cef70,0x00000000dc680000)
  to   space 11776K, 0% used [0x00000000e0300000,0x00000000e0300000,0x00000000e0e80000)
 ParOldGen       total 97280K, used 7228K [0x0000000080000000, 0x0000000085f00000, 0x00000000d5580000)
  object space 97280K, 7% used [0x0000000080000000,0x000000008070f218,0x0000000085f00000)
 Metaspace       used 34600K, capacity 35402K, committed 35496K, reserved 1079296K
  class space    used 4745K, capacity 4972K, committed 5040K, reserved 1048576K
Event: 5.093 GC heap after
Heap after GC invocations=9 (full 2):
 PSYoungGen      total 115712K, used 0K [0x00000000d5580000, 0x00000000e0e80000, 0x0000000100000000)
  eden space 103936K, 0% used [0x00000000d5580000,0x00000000d5580000,0x00000000dbb00000)
  from space 11776K, 0% used [0x00000000dbb00000,0x00000000dbb00000,0x00000000dc680000)
  to   space 11776K, 0% used [0x00000000e0300000,0x00000000e0300000,0x00000000e0e80000)
 ParOldGen       total 97280K, used 15535K [0x0000000080000000, 0x0000000085f00000, 0x00000000d5580000)
  object space 97280K, 15% used [0x0000000080000000,0x0000000080f2be98,0x0000000085f00000)
 Metaspace       used 34600K, capacity 35402K, committed 35496K, reserved 1079296K
  class space    used 4745K, capacity 4972K, committed 5040K, reserved 1048576K
}
Event: 6.693 GC heap before
{Heap before GC invocations=10 (full 2):
 PSYoungGen      total 115712K, used 103936K [0x00000000d5580000, 0x00000000e0e80000, 0x0000000100000000)
  eden space 103936K, 100% used [0x00000000d5580000,0x00000000dbb00000,0x00000000dbb00000)
  from space 11776K, 0% used [0x00000000dbb00000,0x00000000dbb00000,0x00000000dc680000)
  to   space 11776K, 0% used [0x00000000e0300000,0x00000000e0300000,0x00000000e0e80000)
 ParOldGen       total 97280K, used 15535K [0x0000000080000000, 0x0000000085f00000, 0x00000000d5580000)
  object space 97280K, 15% used [0x0000000080000000,0x0000000080f2be98,0x0000000085f00000)
 Metaspace       used 43964K, capacity 45408K, committed 45480K, reserved 1089536K
  class space    used 5952K, capacity 6298K, committed 6320K, reserved 1048576K
Event: 6.710 GC heap after
Heap after GC invocations=10 (full 2):
 PSYoungGen      total 160768K, used 11773K [0x00000000d5580000, 0x00000000e0e80000, 0x0000000100000000)
  eden space 148992K, 0% used [0x00000000d5580000,0x00000000d5580000,0x00000000de700000)
  from space 11776K, 99% used [0x00000000e0300000,0x00000000e0e7f608,0x00000000e0e80000)
  to   space 12800K, 0% used [0x00000000df580000,0x00000000df580000,0x00000000e0200000)
 ParOldGen       total 97280K, used 16256K [0x0000000080000000, 0x0000000085f00000, 0x00000000d5580000)
  object space 97280K, 16% used [0x0000000080000000,0x0000000080fe0338,0x0000000085f00000)
 Metaspace       used 43964K, capacity 45408K, committed 45480K, reserved 1089536K
  class space    used 5952K, capacity 6298K, committed 6320K, reserved 1048576K
}

